/trinity/shared/easybuild/software/scikit-learn/0.24.2-foss-2021a/lib/python3.9/site-packages/sklearn/metrics/_classification.py:1248: UndefinedMetricWarning: Precision is ill-defined and being set to 0.0 due to no predicted samples. Use `zero_division` parameter to control this behavior.
  _warn_prf(average, modifier, msg_start, len(result))
/trinity/shared/easybuild/software/scikit-learn/0.24.2-foss-2021a/lib/python3.9/site-packages/sklearn/metrics/_classification.py:1248: UndefinedMetricWarning: Precision is ill-defined and being set to 0.0 due to no predicted samples. Use `zero_division` parameter to control this behavior.
  _warn_prf(average, modifier, msg_start, len(result))
/trinity/shared/easybuild/software/scikit-learn/0.24.2-foss-2021a/lib/python3.9/site-packages/sklearn/metrics/_classification.py:1248: UndefinedMetricWarning: Precision is ill-defined and being set to 0.0 due to no predicted samples. Use `zero_division` parameter to control this behavior.
  _warn_prf(average, modifier, msg_start, len(result))
/trinity/shared/easybuild/software/scikit-learn/0.24.2-foss-2021a/lib/python3.9/site-packages/sklearn/metrics/_classification.py:1248: UndefinedMetricWarning: Precision is ill-defined and being set to 0.0 due to no predicted samples. Use `zero_division` parameter to control this behavior.
  _warn_prf(average, modifier, msg_start, len(result))
/trinity/shared/easybuild/software/scikit-learn/0.24.2-foss-2021a/lib/python3.9/site-packages/sklearn/metrics/_classification.py:1248: UndefinedMetricWarning: Precision is ill-defined and being set to 0.0 due to no predicted samples. Use `zero_division` parameter to control this behavior.
  _warn_prf(average, modifier, msg_start, len(result))
/trinity/shared/easybuild/software/scikit-learn/0.24.2-foss-2021a/lib/python3.9/site-packages/sklearn/metrics/_classification.py:1248: UndefinedMetricWarning: Precision is ill-defined and being set to 0.0 due to no predicted samples. Use `zero_division` parameter to control this behavior.
  _warn_prf(average, modifier, msg_start, len(result))
/trinity/shared/easybuild/software/scikit-learn/0.24.2-foss-2021a/lib/python3.9/site-packages/sklearn/metrics/_classification.py:1248: UndefinedMetricWarning: Precision is ill-defined and being set to 0.0 due to no predicted samples. Use `zero_division` parameter to control this behavior.
  _warn_prf(average, modifier, msg_start, len(result))
/trinity/shared/easybuild/software/scikit-learn/0.24.2-foss-2021a/lib/python3.9/site-packages/sklearn/metrics/_classification.py:1248: UndefinedMetricWarning: Precision is ill-defined and being set to 0.0 due to no predicted samples. Use `zero_division` parameter to control this behavior.
  _warn_prf(average, modifier, msg_start, len(result))
/trinity/shared/easybuild/software/scikit-learn/0.24.2-foss-2021a/lib/python3.9/site-packages/sklearn/metrics/_classification.py:1248: UndefinedMetricWarning: Precision is ill-defined and being set to 0.0 due to no predicted samples. Use `zero_division` parameter to control this behavior.
  _warn_prf(average, modifier, msg_start, len(result))
/trinity/shared/easybuild/software/scikit-learn/0.24.2-foss-2021a/lib/python3.9/site-packages/sklearn/metrics/_classification.py:1248: UndefinedMetricWarning: Precision is ill-defined and being set to 0.0 due to no predicted samples. Use `zero_division` parameter to control this behavior.
  _warn_prf(average, modifier, msg_start, len(result))
/trinity/shared/easybuild/software/scikit-learn/0.24.2-foss-2021a/lib/python3.9/site-packages/sklearn/metrics/_classification.py:1248: UndefinedMetricWarning: Precision is ill-defined and being set to 0.0 due to no predicted samples. Use `zero_division` parameter to control this behavior.
  _warn_prf(average, modifier, msg_start, len(result))
/trinity/shared/easybuild/software/scikit-learn/0.24.2-foss-2021a/lib/python3.9/site-packages/sklearn/metrics/_classification.py:1248: UndefinedMetricWarning: Precision is ill-defined and being set to 0.0 due to no predicted samples. Use `zero_division` parameter to control this behavior.
  _warn_prf(average, modifier, msg_start, len(result))
/trinity/shared/easybuild/software/scikit-learn/0.24.2-foss-2021a/lib/python3.9/site-packages/sklearn/metrics/_classification.py:1248: UndefinedMetricWarning: Precision is ill-defined and being set to 0.0 due to no predicted samples. Use `zero_division` parameter to control this behavior.
  _warn_prf(average, modifier, msg_start, len(result))
/trinity/shared/easybuild/software/scikit-learn/0.24.2-foss-2021a/lib/python3.9/site-packages/sklearn/metrics/_classification.py:1248: UndefinedMetricWarning: Precision is ill-defined and being set to 0.0 due to no predicted samples. Use `zero_division` parameter to control this behavior.
  _warn_prf(average, modifier, msg_start, len(result))
/trinity/shared/easybuild/software/scikit-learn/0.24.2-foss-2021a/lib/python3.9/site-packages/sklearn/metrics/_classification.py:1248: UndefinedMetricWarning: Precision is ill-defined and being set to 0.0 due to no predicted samples. Use `zero_division` parameter to control this behavior.
  _warn_prf(average, modifier, msg_start, len(result))
/trinity/shared/easybuild/software/scikit-learn/0.24.2-foss-2021a/lib/python3.9/site-packages/sklearn/metrics/_classification.py:1248: UndefinedMetricWarning: Precision is ill-defined and being set to 0.0 due to no predicted samples. Use `zero_division` parameter to control this behavior.
  _warn_prf(average, modifier, msg_start, len(result))
/trinity/shared/easybuild/software/scikit-learn/0.24.2-foss-2021a/lib/python3.9/site-packages/sklearn/metrics/_classification.py:1248: UndefinedMetricWarning: Precision is ill-defined and being set to 0.0 due to no predicted samples. Use `zero_division` parameter to control this behavior.
  _warn_prf(average, modifier, msg_start, len(result))
/trinity/shared/easybuild/software/scikit-learn/0.24.2-foss-2021a/lib/python3.9/site-packages/sklearn/metrics/_classification.py:1248: UndefinedMetricWarning: Precision is ill-defined and being set to 0.0 due to no predicted samples. Use `zero_division` parameter to control this behavior.
  _warn_prf(average, modifier, msg_start, len(result))
/trinity/shared/easybuild/software/scikit-learn/0.24.2-foss-2021a/lib/python3.9/site-packages/sklearn/metrics/_classification.py:1248: UndefinedMetricWarning: Precision is ill-defined and being set to 0.0 due to no predicted samples. Use `zero_division` parameter to control this behavior.
  _warn_prf(average, modifier, msg_start, len(result))
/trinity/shared/easybuild/software/scikit-learn/0.24.2-foss-2021a/lib/python3.9/site-packages/sklearn/metrics/_classification.py:1248: UndefinedMetricWarning: Precision is ill-defined and being set to 0.0 due to no predicted samples. Use `zero_division` parameter to control this behavior.
  _warn_prf(average, modifier, msg_start, len(result))
/trinity/shared/easybuild/software/scikit-learn/0.24.2-foss-2021a/lib/python3.9/site-packages/sklearn/metrics/_classification.py:1248: UndefinedMetricWarning: Precision is ill-defined and being set to 0.0 due to no predicted samples. Use `zero_division` parameter to control this behavior.
  _warn_prf(average, modifier, msg_start, len(result))
/trinity/shared/easybuild/software/scikit-learn/0.24.2-foss-2021a/lib/python3.9/site-packages/sklearn/metrics/_classification.py:1248: UndefinedMetricWarning: Precision is ill-defined and being set to 0.0 due to no predicted samples. Use `zero_division` parameter to control this behavior.
  _warn_prf(average, modifier, msg_start, len(result))
/trinity/shared/easybuild/software/scikit-learn/0.24.2-foss-2021a/lib/python3.9/site-packages/sklearn/metrics/_classification.py:1248: UndefinedMetricWarning: Precision is ill-defined and being set to 0.0 due to no predicted samples. Use `zero_division` parameter to control this behavior.
  _warn_prf(average, modifier, msg_start, len(result))
/trinity/shared/easybuild/software/scikit-learn/0.24.2-foss-2021a/lib/python3.9/site-packages/sklearn/metrics/_classification.py:1248: UndefinedMetricWarning: Precision is ill-defined and being set to 0.0 due to no predicted samples. Use `zero_division` parameter to control this behavior.
  _warn_prf(average, modifier, msg_start, len(result))
/trinity/shared/easybuild/software/scikit-learn/0.24.2-foss-2021a/lib/python3.9/site-packages/sklearn/metrics/_classification.py:1248: UndefinedMetricWarning: Precision is ill-defined and being set to 0.0 due to no predicted samples. Use `zero_division` parameter to control this behavior.
  _warn_prf(average, modifier, msg_start, len(result))
/trinity/shared/easybuild/software/scikit-learn/0.24.2-foss-2021a/lib/python3.9/site-packages/sklearn/metrics/_classification.py:1248: UndefinedMetricWarning: Precision is ill-defined and being set to 0.0 due to no predicted samples. Use `zero_division` parameter to control this behavior.
  _warn_prf(average, modifier, msg_start, len(result))
/trinity/shared/easybuild/software/scikit-learn/0.24.2-foss-2021a/lib/python3.9/site-packages/sklearn/metrics/_classification.py:1248: UndefinedMetricWarning: Precision is ill-defined and being set to 0.0 due to no predicted samples. Use `zero_division` parameter to control this behavior.
  _warn_prf(average, modifier, msg_start, len(result))
AttributeError: 'int' object has no attribute 'log'

The above exception was the direct cause of the following exception:

Traceback (most recent call last):
  File "/home/ohh98/enhancerX/model/gradient_boosting/metropolis_hastings/HP_tuning_mp.py", line 130, in <module>
    Q_Current_from_proposed = proposal_prob(learning_rate,learning_rate_p,sigma_l)*proposal_prob(min_leaves,min_leaves_p,sigma_p)*proposal_prob(max_depth,max_depth_p,sigma_p)
  File "/home/ohh98/enhancerX/model/gradient_boosting/metropolis_hastings/HP_tuning_mp.py", line 49, in proposal_prob
    p = stats.norm.pdf(np.log(toParam),loc= np.log(fromParam),scale =sigma_p)
TypeError: loop of ufunc does not support argument 0 of type int which has no callable log method
